<?xml version="1.0" encoding="UTF-8"?>
<!-- Generated by org.testng.reporters.JUnitXMLReporter -->
<testsuite hostname="DESKTOP-DG4NUTJ" ignored="23" name="Default test" tests="1" failures="1" timestamp="2021-12-29T13:05:56 IST" time="315.017" errors="0">
  <testcase name="Alltransactions" time="244.456" classname="Refi.complete">
    <failure type="org.openqa.selenium.TimeoutException" message="Expected condition failed: waiting for visibility of element located by By.xpath: //*[text()=&amp;apos;Confirm&amp;apos;] (tried for 20 second(s) with 500 milliseconds interval)
Build info: version: &amp;apos;4.0.0&amp;apos;, revision: &amp;apos;3a21814679&amp;apos;
System info: host: &amp;apos;DESKTOP-DG4NUTJ&amp;apos;, ip: &amp;apos;192.168.43.219&amp;apos;, os.name: &amp;apos;Windows 10&amp;apos;, os.arch: &amp;apos;amd64&amp;apos;, os.version: &amp;apos;10.0&amp;apos;, java.version: &amp;apos;1.8.0_281&amp;apos;
Driver info: org.openqa.selenium.chrome.ChromeDriver
Capabilities {acceptInsecureCerts: false, browserName: chrome, browserVersion: 96.0.4664.110, chrome: {chromedriverVersion: 96.0.4664.45 (76e4c1bb2ab46..., userDataDir: C:\Users\Satish\AppData\Loc...}, goog:chromeOptions: {debuggerAddress: localhost:61735}, javascriptEnabled: true, networkConnectionEnabled: false, pageLoadStrategy: normal, platform: WINDOWS, platformName: WINDOWS, proxy: Proxy(), se:cdp: ws://localhost:61735/devtoo..., se:cdpVersion: 96.0.4664.110, setWindowRect: true, strictFileInteractability: false, timeouts: {implicit: 0, pageLoad: 300000, script: 30000}, unhandledPromptBehavior: dismiss and notify, webauthn:extension:credBlob: true, webauthn:extension:largeBlob: true, webauthn:virtualAuthenticators: true}
Session ID: e0680556f4c3580c6b3498d37d97a4c2">
      <![CDATA[org.openqa.selenium.TimeoutException: Expected condition failed: waiting for visibility of element located by By.xpath: //*[text()='Confirm'] (tried for 20 second(s) with 500 milliseconds interval)
Build info: version: '4.0.0', revision: '3a21814679'
System info: host: 'DESKTOP-DG4NUTJ', ip: '192.168.43.219', os.name: 'Windows 10', os.arch: 'amd64', os.version: '10.0', java.version: '1.8.0_281'
Driver info: org.openqa.selenium.chrome.ChromeDriver
Capabilities {acceptInsecureCerts: false, browserName: chrome, browserVersion: 96.0.4664.110, chrome: {chromedriverVersion: 96.0.4664.45 (76e4c1bb2ab46..., userDataDir: C:\Users\Satish\AppData\Loc...}, goog:chromeOptions: {debuggerAddress: localhost:61735}, javascriptEnabled: true, networkConnectionEnabled: false, pageLoadStrategy: normal, platform: WINDOWS, platformName: WINDOWS, proxy: Proxy(), se:cdp: ws://localhost:61735/devtoo..., se:cdpVersion: 96.0.4664.110, setWindowRect: true, strictFileInteractability: false, timeouts: {implicit: 0, pageLoad: 300000, script: 30000}, unhandledPromptBehavior: dismiss and notify, webauthn:extension:credBlob: true, webauthn:extension:largeBlob: true, webauthn:virtualAuthenticators: true}
Session ID: e0680556f4c3580c6b3498d37d97a4c2
at org.openqa.selenium.support.ui.WebDriverWait.timeoutException(WebDriverWait.java:138)
at org.openqa.selenium.support.ui.FluentWait.until(FluentWait.java:231)
at Refi.Homepage.confirmbuttton(Homepage.java:321)
at Refi.complete.Alltransactions(complete.java:364)
at sun.reflect.NativeMethodAccessorImpl.invoke0(Native Method)
at sun.reflect.NativeMethodAccessorImpl.invoke(NativeMethodAccessorImpl.java:62)
at sun.reflect.DelegatingMethodAccessorImpl.invoke(DelegatingMethodAccessorImpl.java:43)
at java.lang.reflect.Method.invoke(Method.java:498)
at org.testng.internal.MethodInvocationHelper.invokeMethod(MethodInvocationHelper.java:132)
at org.testng.internal.TestInvoker.invokeMethod(TestInvoker.java:599)
at org.testng.internal.TestInvoker.invokeTestMethod(TestInvoker.java:174)
at org.testng.internal.MethodRunner.runInSequence(MethodRunner.java:46)
at org.testng.internal.TestInvoker$MethodInvocationAgent.invoke(TestInvoker.java:822)
at org.testng.internal.TestInvoker.invokeTestMethods(TestInvoker.java:147)
at org.testng.internal.TestMethodWorker.invokeTestMethods(TestMethodWorker.java:146)
at org.testng.internal.TestMethodWorker.run(TestMethodWorker.java:128)
at java.util.ArrayList.forEach(ArrayList.java:1259)
at org.testng.TestRunner.privateRun(TestRunner.java:764)
at org.testng.TestRunner.run(TestRunner.java:585)
at org.testng.SuiteRunner.runTest(SuiteRunner.java:384)
at org.testng.SuiteRunner.runSequentially(SuiteRunner.java:378)
at org.testng.SuiteRunner.privateRun(SuiteRunner.java:337)
at org.testng.SuiteRunner.run(SuiteRunner.java:286)
at org.testng.SuiteRunnerWorker.runSuite(SuiteRunnerWorker.java:53)
at org.testng.SuiteRunnerWorker.run(SuiteRunnerWorker.java:96)
at org.testng.TestNG.runSuitesSequentially(TestNG.java:1218)
at org.testng.TestNG.runSuitesLocally(TestNG.java:1140)
at org.testng.TestNG.runSuites(TestNG.java:1069)
at org.testng.TestNG.run(TestNG.java:1037)
at org.testng.remote.AbstractRemoteTestNG.run(AbstractRemoteTestNG.java:115)
at org.testng.remote.RemoteTestNG.initAndRun(RemoteTestNG.java:251)
at org.testng.remote.RemoteTestNG.main(RemoteTestNG.java:77)
]]>
    </failure>
  </testcase> <!-- Alltransactions -->
  <testcase name="copylink" time="0.0" classname="Refi.complete">
    <ignored/>
  </testcase> <!-- copylink -->
  <testcase name="ETHdesposit" time="0.0" classname="Refi.complete">
    <ignored/>
  </testcase> <!-- ETHdesposit -->
  <testcase name="Repayloanmax" time="0.0" classname="Refi.complete">
    <ignored/>
  </testcase> <!-- Repayloanmax -->
  <testcase name="borrowingpower" time="0.0" classname="Refi.complete">
    <ignored/>
  </testcase> <!-- borrowingpower -->
  <testcase name="viewonether" time="0.0" classname="Refi.complete">
    <ignored/>
  </testcase> <!-- viewonether -->
  <testcase name="Stakepage" time="0.0" classname="Refi.complete">
    <ignored/>
  </testcase> <!-- Stakepage -->
  <testcase name="Borrowamountlimitreached" time="0.0" classname="Refi.complete">
    <ignored/>
  </testcase> <!-- Borrowamountlimitreached -->
  <testcase name="dotransaction" time="0.0" classname="Refi.complete">
    <ignored/>
  </testcase> <!-- dotransaction -->
  <testcase name="stakewithdrawzero" time="0.0" classname="Refi.complete">
    <ignored/>
  </testcase> <!-- stakewithdrawzero -->
  <testcase name="Stakepagemax" time="0.0" classname="Refi.complete">
    <ignored/>
  </testcase> <!-- Stakepagemax -->
  <testcase name="disconn" time="0.0" classname="Refi.complete">
    <ignored/>
  </testcase> <!-- disconn -->
  <testcase name="valulterrormessage" time="0.0" classname="Refi.complete">
    <ignored/>
  </testcase> <!-- valulterrormessage -->
  <testcase name="Maxwithdraweth" time="0.0" classname="Refi.complete">
    <ignored/>
  </testcase> <!-- Maxwithdraweth -->
  <testcase name="checkingconnection" time="0.0" classname="Refi.complete">
    <ignored/>
  </testcase> <!-- checkingconnection -->
  <testcase name="Repayloan" time="0.0" classname="Refi.complete">
    <ignored/>
  </testcase> <!-- Repayloan -->
  <testcase name="rejecttransactions" time="0.0" classname="Refi.complete">
    <ignored/>
  </testcase> <!-- rejecttransactions -->
  <testcase name="totalborrowlimit" time="0.0" classname="Refi.complete">
    <ignored/>
  </testcase> <!-- totalborrowlimit -->
  <testcase name="Healthratio" time="0.0" classname="Refi.complete">
    <ignored/>
  </testcase> <!-- Healthratio -->
  <testcase name="Borrowloan" time="0.0" classname="Refi.complete">
    <ignored/>
  </testcase> <!-- Borrowloan -->
  <testcase name="WithdrawETH" time="0.0" classname="Refi.complete">
    <ignored/>
  </testcase> <!-- WithdrawETH -->
  <testcase name="Borrowlimtcalculation" time="0.0" classname="Refi.complete">
    <ignored/>
  </testcase> <!-- Borrowlimtcalculation -->
  <testcase name="availablebalance" time="0.0" classname="Refi.complete">
    <ignored/>
  </testcase> <!-- availablebalance -->
  <testcase name="loantoval" time="0.0" classname="Refi.complete">
    <ignored/>
  </testcase> <!-- loantoval -->
</testsuite> <!-- Default test -->
