<?xml version="1.0" encoding="UTF-8"?>
<!-- Generated by org.testng.reporters.JUnitReportReporter -->
<testsuite skipped="23" hostname="DESKTOP-DG4NUTJ" name="Refi.complete" tests="24" failures="0" timestamp="2021-12-29T13:05:57 IST" time="314.711" errors="1">
  <testcase name="Alltransactions" time="314.711" classname="Refi.complete">
    <error type="org.openqa.selenium.TimeoutException" message="Expected condition failed: waiting for visibility of element located by By.xpath: //*[text()=&#039;Confirm&#039;] (tried for 20 second(s) with 500 milliseconds interval)
Build info: version: &#039;4.0.0&#039;, revision: &#039;3a21814679&#039;
System info: host: &#039;DESKTOP-DG4NUTJ&#039;, ip: &#039;192.168.43.219&#039;, os.name: &#039;Windows 10&#039;, os.arch: &#039;amd64&#039;, os.version: &#039;10.0&#039;, java.version: &#039;1.8.0_281&#039;
Driver info: org.openqa.selenium.chrome.ChromeDriver
Capabilities {acceptInsecureCerts: false, browserName: chrome, browserVersion: 96.0.4664.110, chrome: {chromedriverVersion: 96.0.4664.45 (76e4c1bb2ab46..., userDataDir: C:\Users\Satish\AppData\Loc...}, goog:chromeOptions: {debuggerAddress: localhost:61735}, javascriptEnabled: true, networkConnectionEnabled: false, pageLoadStrategy: normal, platform: WINDOWS, platformName: WINDOWS, proxy: Proxy(), se:cdp: ws://localhost:61735/devtoo..., se:cdpVersion: 96.0.4664.110, setWindowRect: true, strictFileInteractability: false, timeouts: {implicit: 0, pageLoad: 300000, script: 30000}, unhandledPromptBehavior: dismiss and notify, webauthn:extension:credBlob: true, webauthn:extension:largeBlob: true, webauthn:virtualAuthenticators: true}
Session ID: e0680556f4c3580c6b3498d37d97a4c2">
      <![CDATA[org.openqa.selenium.TimeoutException: Expected condition failed: waiting for visibility of element located by By.xpath: //*[text()='Confirm'] (tried for 20 second(s) with 500 milliseconds interval)
Build info: version: '4.0.0', revision: '3a21814679'
System info: host: 'DESKTOP-DG4NUTJ', ip: '192.168.43.219', os.name: 'Windows 10', os.arch: 'amd64', os.version: '10.0', java.version: '1.8.0_281'
Driver info: org.openqa.selenium.chrome.ChromeDriver
Capabilities {acceptInsecureCerts: false, browserName: chrome, browserVersion: 96.0.4664.110, chrome: {chromedriverVersion: 96.0.4664.45 (76e4c1bb2ab46..., userDataDir: C:\Users\Satish\AppData\Loc...}, goog:chromeOptions: {debuggerAddress: localhost:61735}, javascriptEnabled: true, networkConnectionEnabled: false, pageLoadStrategy: normal, platform: WINDOWS, platformName: WINDOWS, proxy: Proxy(), se:cdp: ws://localhost:61735/devtoo..., se:cdpVersion: 96.0.4664.110, setWindowRect: true, strictFileInteractability: false, timeouts: {implicit: 0, pageLoad: 300000, script: 30000}, unhandledPromptBehavior: dismiss and notify, webauthn:extension:credBlob: true, webauthn:extension:largeBlob: true, webauthn:virtualAuthenticators: true}
Session ID: e0680556f4c3580c6b3498d37d97a4c2
at org.openqa.selenium.support.ui.WebDriverWait.timeoutException(WebDriverWait.java:138)
at org.openqa.selenium.support.ui.FluentWait.until(FluentWait.java:231)
at Refi.Homepage.confirmbuttton(Homepage.java:321)
at Refi.complete.Alltransactions(complete.java:364)
at sun.reflect.NativeMethodAccessorImpl.invoke0(Native Method)
at sun.reflect.NativeMethodAccessorImpl.invoke(NativeMethodAccessorImpl.java:62)
at sun.reflect.DelegatingMethodAccessorImpl.invoke(DelegatingMethodAccessorImpl.java:43)
at java.lang.reflect.Method.invoke(Method.java:498)
at org.testng.internal.MethodInvocationHelper.invokeMethod(MethodInvocationHelper.java:132)
at org.testng.internal.TestInvoker.invokeMethod(TestInvoker.java:599)
at org.testng.internal.TestInvoker.invokeTestMethod(TestInvoker.java:174)
at org.testng.internal.MethodRunner.runInSequence(MethodRunner.java:46)
at org.testng.internal.TestInvoker$MethodInvocationAgent.invoke(TestInvoker.java:822)
at org.testng.internal.TestInvoker.invokeTestMethods(TestInvoker.java:147)
at org.testng.internal.TestMethodWorker.invokeTestMethods(TestMethodWorker.java:146)
at org.testng.internal.TestMethodWorker.run(TestMethodWorker.java:128)
at java.util.ArrayList.forEach(ArrayList.java:1259)
at org.testng.TestRunner.privateRun(TestRunner.java:764)
at org.testng.TestRunner.run(TestRunner.java:585)
at org.testng.SuiteRunner.runTest(SuiteRunner.java:384)
at org.testng.SuiteRunner.runSequentially(SuiteRunner.java:378)
at org.testng.SuiteRunner.privateRun(SuiteRunner.java:337)
at org.testng.SuiteRunner.run(SuiteRunner.java:286)
at org.testng.SuiteRunnerWorker.runSuite(SuiteRunnerWorker.java:53)
at org.testng.SuiteRunnerWorker.run(SuiteRunnerWorker.java:96)
at org.testng.TestNG.runSuitesSequentially(TestNG.java:1218)
at org.testng.TestNG.runSuitesLocally(TestNG.java:1140)
at org.testng.TestNG.runSuites(TestNG.java:1069)
at org.testng.TestNG.run(TestNG.java:1037)
at org.testng.remote.AbstractRemoteTestNG.run(AbstractRemoteTestNG.java:115)
at org.testng.remote.RemoteTestNG.initAndRun(RemoteTestNG.java:251)
at org.testng.remote.RemoteTestNG.main(RemoteTestNG.java:77)
]]>
    </error>
  </testcase> <!-- Alltransactions -->
  <system-out/>
  <testcase name="copylink" classname="Refi.complete">
    <skipped/>
  </testcase> <!-- copylink -->
  <system-out/>
  <testcase name="ETHdesposit" classname="Refi.complete">
    <skipped/>
  </testcase> <!-- ETHdesposit -->
  <system-out/>
  <testcase name="Repayloanmax" classname="Refi.complete">
    <skipped/>
  </testcase> <!-- Repayloanmax -->
  <system-out/>
  <testcase name="borrowingpower" classname="Refi.complete">
    <skipped/>
  </testcase> <!-- borrowingpower -->
  <system-out/>
  <testcase name="viewonether" classname="Refi.complete">
    <skipped/>
  </testcase> <!-- viewonether -->
  <system-out/>
  <testcase name="Stakepage" classname="Refi.complete">
    <skipped/>
  </testcase> <!-- Stakepage -->
  <system-out/>
  <testcase name="Borrowamountlimitreached" classname="Refi.complete">
    <skipped/>
  </testcase> <!-- Borrowamountlimitreached -->
  <system-out/>
  <testcase name="dotransaction" classname="Refi.complete">
    <skipped/>
  </testcase> <!-- dotransaction -->
  <system-out/>
  <testcase name="stakewithdrawzero" classname="Refi.complete">
    <skipped/>
  </testcase> <!-- stakewithdrawzero -->
  <system-out/>
  <testcase name="Stakepagemax" classname="Refi.complete">
    <skipped/>
  </testcase> <!-- Stakepagemax -->
  <system-out/>
  <testcase name="disconn" classname="Refi.complete">
    <skipped/>
  </testcase> <!-- disconn -->
  <system-out/>
  <testcase name="valulterrormessage" classname="Refi.complete">
    <skipped/>
  </testcase> <!-- valulterrormessage -->
  <system-out/>
  <testcase name="Maxwithdraweth" classname="Refi.complete">
    <skipped/>
  </testcase> <!-- Maxwithdraweth -->
  <system-out/>
  <testcase name="checkingconnection" classname="Refi.complete">
    <skipped/>
  </testcase> <!-- checkingconnection -->
  <system-out/>
  <testcase name="Repayloan" classname="Refi.complete">
    <skipped/>
  </testcase> <!-- Repayloan -->
  <system-out/>
  <testcase name="rejecttransactions" classname="Refi.complete">
    <skipped/>
  </testcase> <!-- rejecttransactions -->
  <system-out/>
  <testcase name="totalborrowlimit" classname="Refi.complete">
    <skipped/>
  </testcase> <!-- totalborrowlimit -->
  <system-out/>
  <testcase name="Healthratio" classname="Refi.complete">
    <skipped/>
  </testcase> <!-- Healthratio -->
  <system-out/>
  <testcase name="Borrowloan" classname="Refi.complete">
    <skipped/>
  </testcase> <!-- Borrowloan -->
  <system-out/>
  <testcase name="WithdrawETH" classname="Refi.complete">
    <skipped/>
  </testcase> <!-- WithdrawETH -->
  <system-out/>
  <testcase name="Borrowlimtcalculation" classname="Refi.complete">
    <skipped/>
  </testcase> <!-- Borrowlimtcalculation -->
  <system-out/>
  <testcase name="availablebalance" classname="Refi.complete">
    <skipped/>
  </testcase> <!-- availablebalance -->
  <system-out/>
  <testcase name="loantoval" classname="Refi.complete">
    <skipped/>
  </testcase> <!-- loantoval -->
  <system-out/>
</testsuite> <!-- Refi.complete -->
